<?xml version="1.0" encoding="UTF-8"?>
<!-- Generated by org.testng.reporters.JUnitReportReporter -->
<testsuite skipped="0" hostname="LAPTOP-IAQHS7UT" name="test.ListCutomerTest" tests="1" failures="0" timestamp="19 Apr 2022 17:53:21 GMT" time="6.676" errors="0">
  <testcase name="validUserShouldBeAbleToAddCutomerOnListCustomer" time="6.676" classname="test.ListCutomerTest"/>
</testsuite> <!-- test.ListCutomerTest -->
