<?xml version="1.0" encoding="UTF-8"?>
<!-- Generated by org.testng.reporters.JUnitReportReporter -->
<testsuite skipped="0" hostname="LAPTOP-IAQHS7UT" name="test.LoginTest" tests="1" failures="0" timestamp="28 Mar 2022 05:35:10 GMT" time="5.557" errors="0">
  <testcase name="validUserShouldBeAbleToLogin" time="5.557" classname="test.LoginTest"/>
</testsuite> <!-- test.LoginTest -->
