<?xml version="1.0" encoding="UTF-8"?>
<!-- Generated by org.testng.reporters.JUnitReportReporter -->
<testsuite skipped="0" hostname="LAPTOP-IAQHS7UT" name="test.AddCustomerTest" tests="1" failures="0" timestamp="28 Mar 2022 18:17:39 GMT" time="15.249" errors="0">
  <testcase name="validUserShouldBeAbleToAddCutomer" time="15.249" classname="test.AddCustomerTest"/>
</testsuite> <!-- test.AddCustomerTest -->
